<?xml version="1.0" encoding="UTF-8"?>
<!-- Generated by org.testng.reporters.JUnitReportReporter -->
<testsuite hostname="DESKTOP-LL3KM55" failures="0" tests="4" name="AutoProject.Alerts" time="2.169" errors="0" timestamp="2025-01-16T23:26:37 EET" skipped="0">
  <testcase classname="AutoProject.Alerts" name="testConfirmBoxAccept" time="0.501"/>
  <system-out>
    <![CDATA[Confirm Box button clicked.
Confirm Box Text: Do you confirm action?
Confirm Box accepted.]]>
  </system-out>
  <testcase classname="AutoProject.Alerts" name="testPromptBox" time="0.555"/>
  <system-out>
    <![CDATA[Prompt Box button clicked.
Prompt Box Text: Please enter your name
Text 'Test Response' entered into Prompt Box.
Prompt Box accepted.]]>
  </system-out>
  <testcase classname="AutoProject.Alerts" name="testSimpleAlert" time="0.485"/>
  <system-out>
    <![CDATA[Simple Alert button clicked.
Simple Alert Text: You clicked a button
Simple Alert accepted.]]>
  </system-out>
  <testcase classname="AutoProject.Alerts" name="testConfirmBoxDismiss" time="0.628"/>
  <system-out>
    <![CDATA[Confirm Box button clicked.
Confirm Box Text: Do you confirm action?
Confirm Box dismissed.]]>
  </system-out>
</testsuite> <!-- AutoProject.Alerts -->
