<?xml version="1.0" encoding="UTF-8"?>
<!-- Generated by org.testng.reporters.JUnitReportReporter -->
<testsuite hostname="DESKTOP-LL3KM55" failures="0" tests="1" name="AutoProject.Rigester" time="7.167" errors="0" timestamp="2025-01-15T01:42:45 EET" skipped="0">
  <testcase classname="AutoProject.Rigester" name="testRegistrationForm" time="7.167"/>
  <system-out>
    <![CDATA[Clicked on New User button
Entered first name
Entered last name
Entered username
Entered password
Clicked Register button
Exception occurred during registration test: no such element: Unable to locate element: {"method":"css selector","selector":"#registration\-success"}
  (Session info: chrome=131.0.6778.265)
For documentation on this error, please visit: https://www.selenium.dev/documentation/webdriver/troubleshooting/errors#no-such-element-exception
Build info: version: '4.20.0', revision: '866c76ca80'
System info: os.name: 'Windows 10', os.arch: 'amd64', os.version: '10.0', java.version: '23.0.1'
Driver info: org.openqa.selenium.chrome.ChromeDriver
Command: [c41cb66b761d57e35d598845ab7cd7fa, findElement {value=registration-success, using=id}]
Capabilities {acceptInsecureCerts: false, browserName: chrome, browserVersion: 131.0.6778.265, chrome: {chromedriverVersion: 131.0.6778.264 (2d05e315153..., userDataDir: C:\Users\hp\AppData\Local\T...}, fedcm:accounts: true, goog:chromeOptions: {debuggerAddress: localhost:64090}, networkConnectionEnabled: false, pageLoadStrategy: normal, platformName: windows, proxy: Proxy(), se:cdp: ws://localhost:64090/devtoo..., se:cdpVersion: 131.0.6778.265, setWindowRect: true, strictFileInteractability: false, timeouts: {implicit: 0, pageLoad: 300000, script: 30000}, unhandledPromptBehavior: dismiss and notify, webauthn:extension:credBlob: true, webauthn:extension:largeBlob: true, webauthn:extension:minPinLength: true, webauthn:extension:prf: true, webauthn:virtualAuthenticators: true}
Session ID: c41cb66b761d57e35d598845ab7cd7fa]]>
  </system-out>
</testsuite> <!-- AutoProject.Rigester -->
