<?xml version="1.0" encoding="UTF-8"?>
<!-- Generated by org.testng.reporters.JUnitReportReporter -->
<testsuite hostname="DESKTOP-LL3KM55" failures="0" tests="1" name="aXSOS.CheckBoxTest" time="28.085" errors="0" timestamp="2025-01-15T00:30:15 EET" skipped="0">
  <testcase classname="aXSOS.CheckBoxTest" name="testCheck" time="28.085"/>
  <system-out/>
</testsuite> <!-- aXSOS.CheckBoxTest -->
