<?xml version="1.0" encoding="UTF-8"?>
<!-- Generated by org.testng.reporters.JUnitReportReporter -->
<testsuite hostname="DESKTOP-LL3KM55" failures="0" tests="1" name="ComputerDB.AddComputerTest" time="69.640" errors="0" timestamp="2025-01-08T00:09:07 EET" skipped="0">
  <testcase classname="ComputerDB.AddComputerTest" name="addComputerTest" time="69.640"/>
  <system-out/>
</testsuite> <!-- ComputerDB.AddComputerTest -->
