<?xml version="1.0" encoding="UTF-8"?>
<!-- Generated by org.testng.reporters.JUnitReportReporter -->
<testsuite hostname="DESKTOP-LL3KM55" failures="0" tests="1" name="aXSOS.AlertTest" time="17.735" errors="0" timestamp="2025-01-12T13:37:07 EET" skipped="0">
  <testcase classname="aXSOS.AlertTest" name="testAlert" time="17.735"/>
  <system-out/>
</testsuite> <!-- aXSOS.AlertTest -->
