<?xml version="1.0" encoding="UTF-8"?>
<!-- Generated by org.testng.reporters.JUnitReportReporter -->
<testsuite hostname="DESKTOP-LL3KM55" failures="0" tests="1" name="aXSOS.Form" time="2.652" errors="0" timestamp="2025-01-16T18:21:37 EET" skipped="0">
  <testcase classname="aXSOS.Form" name="fillFormTest" time="2.652"/>
  <system-out/>
</testsuite> <!-- aXSOS.Form -->
